0 info it worked if it ends with ok
1 verbose cli [ '/usr/local/bin/node', '/usr/local/bin/npm', 'run', 'stylus' ]
2 info using npm@3.10.10
3 info using node@v6.10.0
4 verbose run-script [ 'prestylus', 'stylus', 'poststylus' ]
5 info lifecycle gulp-test@1.0.0~prestylus: gulp-test@1.0.0
6 silly lifecycle gulp-test@1.0.0~prestylus: no script for prestylus, continuing
7 info lifecycle gulp-test@1.0.0~stylus: gulp-test@1.0.0
8 verbose lifecycle gulp-test@1.0.0~stylus: unsafe-perm in lifecycle true
9 verbose lifecycle gulp-test@1.0.0~stylus: PATH: /usr/local/lib/node_modules/npm/bin/node-gyp-bin:/Users/marisaoliva/workspace/gulp-test/node_modules/.bin:/usr/local/bin:/usr/bin:/bin:/usr/sbin:/sbin
10 verbose lifecycle gulp-test@1.0.0~stylus: CWD: /Users/marisaoliva/workspace/gulp-test
11 silly lifecycle gulp-test@1.0.0~stylus: Args: [ '-c', 'gulp watch' ]
12 silly lifecycle gulp-test@1.0.0~stylus: Returned: code: 1  signal: null
13 info lifecycle gulp-test@1.0.0~stylus: Failed to exec stylus script
14 verbose stack Error: gulp-test@1.0.0 stylus: `gulp watch`
14 verbose stack Exit status 1
14 verbose stack     at EventEmitter.<anonymous> (/usr/local/lib/node_modules/npm/lib/utils/lifecycle.js:255:16)
14 verbose stack     at emitTwo (events.js:106:13)
14 verbose stack     at EventEmitter.emit (events.js:191:7)
14 verbose stack     at ChildProcess.<anonymous> (/usr/local/lib/node_modules/npm/lib/utils/spawn.js:40:14)
14 verbose stack     at emitTwo (events.js:106:13)
14 verbose stack     at ChildProcess.emit (events.js:191:7)
14 verbose stack     at maybeClose (internal/child_process.js:877:16)
14 verbose stack     at Process.ChildProcess._handle.onexit (internal/child_process.js:226:5)
15 verbose pkgid gulp-test@1.0.0
16 verbose cwd /Users/marisaoliva/workspace/gulp-test
17 error Darwin 15.6.0
18 error argv "/usr/local/bin/node" "/usr/local/bin/npm" "run" "stylus"
19 error node v6.10.0
20 error npm  v3.10.10
21 error code ELIFECYCLE
22 error gulp-test@1.0.0 stylus: `gulp watch`
22 error Exit status 1
23 error Failed at the gulp-test@1.0.0 stylus script 'gulp watch'.
23 error Make sure you have the latest version of node.js and npm installed.
23 error If you do, this is most likely a problem with the gulp-test package,
23 error not with npm itself.
23 error Tell the author that this fails on your system:
23 error     gulp watch
23 error You can get information on how to open an issue for this project with:
23 error     npm bugs gulp-test
23 error Or if that isn't available, you can get their info via:
23 error     npm owner ls gulp-test
23 error There is likely additional logging output above.
24 verbose exit [ 1, true ]
